2017-07-11 15:56:46.323199 EDT | [Active_RL/Oracle_DDPG/] observation space: Box(11,)
2017-07-11 15:56:46.323414 EDT | [Active_RL/Oracle_DDPG/] action space: Box(3,)
2017-07-11 15:56:46.670451 EDT | [Active_RL/Oracle_DDPG/] Populating workers...
2017-07-11 15:56:46.670651 EDT | [Active_RL/Oracle_DDPG/] Populated
2017-07-11 15:56:48.082279 EDT | [Active_RL/Oracle_DDPG/] epoch #0 | Training started
2017-07-11 15:56:48.966279 EDT | [Active_RL/Oracle_DDPG/] epoch #0 | Training finished
2017-07-11 15:56:48.966580 EDT | [Active_RL/Oracle_DDPG/] epoch #0 | Trained qf 0 steps, policy 0 steps
2017-07-11 15:56:48.966783 EDT | [Active_RL/Oracle_DDPG/] epoch #1 | Training started
2017-07-11 15:56:49.997752 EDT | [Active_RL/Oracle_DDPG/] epoch #1 | Training finished
2017-07-11 15:56:49.998014 EDT | [Active_RL/Oracle_DDPG/] epoch #1 | Trained qf 0 steps, policy 0 steps
2017-07-11 15:56:49.998234 EDT | [Active_RL/Oracle_DDPG/] epoch #2 | Training started
2017-07-11 15:56:50.832786 EDT | [Active_RL/Oracle_DDPG/] epoch #2 | Training finished
2017-07-11 15:56:50.833057 EDT | [Active_RL/Oracle_DDPG/] epoch #2 | Trained qf 0 steps, policy 0 steps
2017-07-11 15:56:50.833268 EDT | [Active_RL/Oracle_DDPG/] epoch #3 | Training started
2017-07-11 15:56:51.747471 EDT | [Active_RL/Oracle_DDPG/] epoch #3 | Training finished
2017-07-11 15:56:51.747717 EDT | [Active_RL/Oracle_DDPG/] epoch #3 | Trained qf 0 steps, policy 0 steps
2017-07-11 15:56:51.747920 EDT | [Active_RL/Oracle_DDPG/] epoch #4 | Training started
2017-07-11 15:56:52.700830 EDT | [Active_RL/Oracle_DDPG/] epoch #4 | Training finished
2017-07-11 15:56:52.701093 EDT | [Active_RL/Oracle_DDPG/] epoch #4 | Trained qf 0 steps, policy 0 steps
2017-07-11 15:56:52.701328 EDT | [Active_RL/Oracle_DDPG/] epoch #5 | Training started
2017-07-11 15:56:53.692304 EDT | [Active_RL/Oracle_DDPG/] epoch #5 | Training finished
2017-07-11 15:56:53.692558 EDT | [Active_RL/Oracle_DDPG/] epoch #5 | Trained qf 0 steps, policy 0 steps
2017-07-11 15:56:53.692775 EDT | [Active_RL/Oracle_DDPG/] epoch #6 | Training started
2017-07-11 15:56:54.622016 EDT | [Active_RL/Oracle_DDPG/] epoch #6 | Training finished
2017-07-11 15:56:54.622283 EDT | [Active_RL/Oracle_DDPG/] epoch #6 | Trained qf 0 steps, policy 0 steps
2017-07-11 15:56:54.622512 EDT | [Active_RL/Oracle_DDPG/] epoch #7 | Training started
2017-07-11 15:56:55.623477 EDT | [Active_RL/Oracle_DDPG/] epoch #7 | Training finished
2017-07-11 15:56:55.623798 EDT | [Active_RL/Oracle_DDPG/] epoch #7 | Trained qf 0 steps, policy 0 steps
2017-07-11 15:56:55.624073 EDT | [Active_RL/Oracle_DDPG/] epoch #8 | Training started
2017-07-11 15:56:56.579227 EDT | [Active_RL/Oracle_DDPG/] epoch #8 | Training finished
2017-07-11 15:56:56.579537 EDT | [Active_RL/Oracle_DDPG/] epoch #8 | Trained qf 0 steps, policy 0 steps
2017-07-11 15:56:56.579812 EDT | [Active_RL/Oracle_DDPG/] epoch #9 | Training started
2017-07-11 15:56:57.667848 EDT | [Active_RL/Oracle_DDPG/] epoch #9 | Training finished
2017-07-11 15:56:57.668118 EDT | [Active_RL/Oracle_DDPG/] epoch #9 | Trained qf 1 steps, policy 1 steps
2017-07-11 15:56:57.668327 EDT | [Active_RL/Oracle_DDPG/] epoch #9 | Collecting samples for evaluation
2017-07-11 16:02:25.265562 EDT | [Active_RL/Oracle_DDPG/] observation space: Box(11,)
2017-07-11 16:02:25.266174 EDT | [Active_RL/Oracle_DDPG/] action space: Box(3,)
2017-07-11 16:02:25.651198 EDT | [Active_RL/Oracle_DDPG/] Populating workers...
2017-07-11 16:02:25.651507 EDT | [Active_RL/Oracle_DDPG/] Populated
2017-07-11 16:02:27.141037 EDT | [Active_RL/Oracle_DDPG/] epoch #0 | Training started
2017-07-11 16:02:27.981373 EDT | [Active_RL/Oracle_DDPG/] epoch #0 | Training finished
2017-07-11 16:02:27.981591 EDT | [Active_RL/Oracle_DDPG/] epoch #0 | Trained qf 0 steps, policy 0 steps
2017-07-11 16:02:27.981766 EDT | [Active_RL/Oracle_DDPG/] epoch #1 | Training started
2017-07-11 16:02:28.788585 EDT | [Active_RL/Oracle_DDPG/] epoch #1 | Training finished
2017-07-11 16:02:28.788790 EDT | [Active_RL/Oracle_DDPG/] epoch #1 | Trained qf 0 steps, policy 0 steps
2017-07-11 16:02:28.788949 EDT | [Active_RL/Oracle_DDPG/] epoch #2 | Training started
2017-07-11 16:02:29.626454 EDT | [Active_RL/Oracle_DDPG/] epoch #2 | Training finished
2017-07-11 16:02:29.626735 EDT | [Active_RL/Oracle_DDPG/] epoch #2 | Trained qf 0 steps, policy 0 steps
2017-07-11 16:02:29.626984 EDT | [Active_RL/Oracle_DDPG/] epoch #3 | Training started
2017-07-11 16:02:30.440007 EDT | [Active_RL/Oracle_DDPG/] epoch #3 | Training finished
2017-07-11 16:02:30.440243 EDT | [Active_RL/Oracle_DDPG/] epoch #3 | Trained qf 0 steps, policy 0 steps
2017-07-11 16:02:30.440459 EDT | [Active_RL/Oracle_DDPG/] epoch #4 | Training started
